# JRE version: OpenJDK Runtime Environment (8.0_152-b06) (build 1.8.0_152-release-1136-b06)
# Java VM: OpenJDK 64-Bit Server VM (25.152-b06 mixed mode windows-amd64 compressed oops)
Heap:
 PSYoungGen      total 219136K, used 81933K [0x00000000e0000000, 0x00000000efb00000, 0x0000000100000000)
  eden space 195584K, 38% used [0x00000000e0000000,0x00000000e48af398,0x00000000ebf00000)
  from space 23552K, 31% used [0x00000000ee400000,0x00000000eeb541f0,0x00000000efb00000)
  to   space 30720K, 0% used [0x00000000ebf00000,0x00000000ebf00000,0x00000000edd00000)
 ParOldGen       total 210432K, used 56082K [0x00000000a0000000, 0x00000000acd80000, 0x00000000e0000000)
  object space 210432K, 26% used [0x00000000a0000000,0x00000000a36c48c8,0x00000000acd80000)
 Metaspace       used 83139K, capacity 89214K, committed 89472K, reserved 1126400K
  class space    used 10492K, capacity 11568K, committed 11648K, reserved 1048576K
GC Heap History (10 events):
Event: 3540.917 GC heap before
{Heap before GC invocations=23 (full 3):
 PSYoungGen      total 243200K, used 242979K [0x00000000e0000000, 0x00000000f1400000, 0x0000000100000000)
  eden space 224256K, 100% used [0x00000000e0000000,0x00000000edb00000,0x00000000edb00000)
  from space 18944K, 98% used [0x00000000ee180000,0x00000000ef3c8cb0,0x00000000ef400000)
  to   space 29184K, 0% used [0x00000000ef780000,0x00000000ef780000,0x00000000f1400000)
 ParOldGen       total 210432K, used 45398K [0x00000000a0000000, 0x00000000acd80000, 0x00000000e0000000)
  object space 210432K, 21% used [0x00000000a0000000,0x00000000a2c55a60,0x00000000acd80000)
 Metaspace       used 81689K, capacity 86670K, committed 86784K, reserved 1124352K
  class space    used 10294K, capacity 11232K, committed 11264K, reserved 1048576K
Event: 3540.962 GC heap after
Heap after GC invocations=23 (full 3):
 PSYoungGen      total 240128K, used 16863K [0x00000000e0000000, 0x00000000f0d00000, 0x0000000100000000)
  eden space 218112K, 0% used [0x00000000e0000000,0x00000000e0000000,0x00000000ed500000)
  from space 22016K, 76% used [0x00000000ef780000,0x00000000f07f7cb8,0x00000000f0d00000)
  to   space 28672K, 0% used [0x00000000ed500000,0x00000000ed500000,0x00000000ef100000)
 ParOldGen       total 210432K, used 45406K [0x00000000a0000000, 0x00000000acd80000, 0x00000000e0000000)
  object space 210432K, 21% used [0x00000000a0000000,0x00000000a2c57a60,0x00000000acd80000)
 Metaspace       used 81689K, capacity 86670K, committed 86784K, reserved 1124352K
  class space    used 10294K, capacity 11232K, committed 11264K, reserved 1048576K
}
Event: 3610.398 GC heap before
{Heap before GC invocations=24 (full 3):
 PSYoungGen      total 240128K, used 234975K [0x00000000e0000000, 0x00000000f0d00000, 0x0000000100000000)
  eden space 218112K, 100% used [0x00000000e0000000,0x00000000ed500000,0x00000000ed500000)
  from space 22016K, 76% used [0x00000000ef780000,0x00000000f07f7cb8,0x00000000f0d00000)
  to   space 28672K, 0% used [0x00000000ed500000,0x00000000ed500000,0x00000000ef100000)
 ParOldGen       total 210432K, used 45406K [0x00000000a0000000, 0x00000000acd80000, 0x00000000e0000000)
  object space 210432K, 21% used [0x00000000a0000000,0x00000000a2c57a60,0x00000000acd80000)
 Metaspace       used 82440K, capacity 88320K, committed 88576K, reserved 1126400K
  class space    used 10425K, capacity 11475K, committed 11520K, reserved 1048576K
Event: 3610.429 GC heap after
Heap after GC invocations=24 (full 3):
 PSYoungGen      total 228352K, used 16147K [0x00000000e0000000, 0x00000000f0500000, 0x0000000100000000)
  eden space 211968K, 0% used [0x00000000e0000000,0x00000000e0000000,0x00000000ecf00000)
  from space 16384K, 98% used [0x00000000ed500000,0x00000000ee4c4d18,0x00000000ee500000)
  to   space 27648K, 0% used [0x00000000eea00000,0x00000000eea00000,0x00000000f0500000)
 ParOldGen       total 210432K, used 45414K [0x00000000a0000000, 0x00000000acd80000, 0x00000000e0000000)
  object space 210432K, 21% used [0x00000000a0000000,0x00000000a2c59a60,0x00000000acd80000)
 Metaspace       used 82440K, capacity 88320K, committed 88576K, reserved 1126400K
  class space    used 10425K, capacity 11475K, committed 11520K, reserved 1048576K
}
Event: 3913.276 GC heap before
{Heap before GC invocations=25 (full 3):
 PSYoungGen      total 228352K, used 228115K [0x00000000e0000000, 0x00000000f0500000, 0x0000000100000000)
  eden space 211968K, 100% used [0x00000000e0000000,0x00000000ecf00000,0x00000000ecf00000)
  from space 16384K, 98% used [0x00000000ed500000,0x00000000ee4c4d18,0x00000000ee500000)
  to   space 27648K, 0% used [0x00000000eea00000,0x00000000eea00000,0x00000000f0500000)
 ParOldGen       total 210432K, used 45414K [0x00000000a0000000, 0x00000000acd80000, 0x00000000e0000000)
  object space 210432K, 21% used [0x00000000a0000000,0x00000000a2c59a60,0x00000000acd80000)
 Metaspace       used 82730K, capacity 88818K, committed 88960K, reserved 1126400K
  class space    used 10464K, capacity 11546K, committed 11648K, reserved 1048576K
Event: 3913.301 GC heap after
Heap after GC invocations=25 (full 3):
 PSYoungGen      total 227328K, used 15769K [0x00000000e0000000, 0x00000000efe80000, 0x0000000100000000)
  eden space 206336K, 0% used [0x00000000e0000000,0x00000000e0000000,0x00000000ec980000)
  from space 20992K, 75% used [0x00000000eea00000,0x00000000ef966728,0x00000000efe80000)
  to   space 27136K, 0% used [0x00000000ec980000,0x00000000ec980000,0x00000000ee400000)
 ParOldGen       total 210432K, used 45422K [0x00000000a0000000, 0x00000000acd80000, 0x00000000e0000000)
  object space 210432K, 21% used [0x00000000a0000000,0x00000000a2c5ba60,0x00000000acd80000)
 Metaspace       used 82730K, capacity 88818K, committed 88960K, reserved 1126400K
  class space    used 10464K, capacity 11546K, committed 11648K, reserved 1048576K
}
Event: 3934.605 GC heap before
{Heap before GC invocations=26 (full 3):
 PSYoungGen      total 227328K, used 222105K [0x00000000e0000000, 0x00000000efe80000, 0x0000000100000000)
  eden space 206336K, 100% used [0x00000000e0000000,0x00000000ec980000,0x00000000ec980000)
  from space 20992K, 75% used [0x00000000eea00000,0x00000000ef966728,0x00000000efe80000)
  to   space 27136K, 0% used [0x00000000ec980000,0x00000000ec980000,0x00000000ee400000)
 ParOldGen       total 210432K, used 45422K [0x00000000a0000000, 0x00000000acd80000, 0x00000000e0000000)
  object space 210432K, 21% used [0x00000000a0000000,0x00000000a2c5ba60,0x00000000acd80000)
 Metaspace       used 82984K, capacity 89082K, committed 89216K, reserved 1126400K
  class space    used 10491K, capacity 11568K, committed 11648K, reserved 1048576K
Event: 3934.660 GC heap after
Heap after GC invocations=26 (full 3):
 PSYoungGen      total 227840K, used 27135K [0x00000000e0000000, 0x00000000eff00000, 0x0000000100000000)
  eden space 200704K, 0% used [0x00000000e0000000,0x00000000e0000000,0x00000000ec400000)
  from space 27136K, 99% used [0x00000000ec980000,0x00000000ee3ffd48,0x00000000ee400000)
  to   space 27648K, 0% used [0x00000000ee400000,0x00000000ee400000,0x00000000eff00000)
 ParOldGen       total 210432K, used 46800K [0x00000000a0000000, 0x00000000acd80000, 0x00000000e0000000)
  object space 210432K, 22% used [0x00000000a0000000,0x00000000a2db4290,0x00000000acd80000)
 Metaspace       used 82984K, capacity 89082K, committed 89216K, reserved 1126400K
  class space    used 10491K, capacity 11568K, committed 11648K, reserved 1048576K
}
Event: 4027.756 GC heap before
{Heap before GC invocations=27 (full 3):
 PSYoungGen      total 227840K, used 227839K [0x00000000e0000000, 0x00000000eff00000, 0x0000000100000000)
  eden space 200704K, 100% used [0x00000000e0000000,0x00000000ec400000,0x00000000ec400000)
  from space 27136K, 99% used [0x00000000ec980000,0x00000000ee3ffd48,0x00000000ee400000)
  to   space 27648K, 0% used [0x00000000ee400000,0x00000000ee400000,0x00000000eff00000)
 ParOldGen       total 210432K, used 46800K [0x00000000a0000000, 0x00000000acd80000, 0x00000000e0000000)
  object space 210432K, 22% used [0x00000000a0000000,0x00000000a2db4290,0x00000000acd80000)
 Metaspace       used 83046K, capacity 89146K, committed 89472K, reserved 1126400K
  class space    used 10491K, capacity 11568K, committed 11648K, reserved 1048576K
Event: 4027.792 GC heap after
Heap after GC invocations=27 (full 3):
 PSYoungGen      total 219136K, used 7504K [0x00000000e0000000, 0x00000000efb00000, 0x0000000100000000)
  eden space 195584K, 0% used [0x00000000e0000000,0x00000000e0000000,0x00000000ebf00000)
  from space 23552K, 31% used [0x00000000ee400000,0x00000000eeb541f0,0x00000000efb00000)
  to   space 30720K, 0% used [0x00000000ebf00000,0x00000000ebf00000,0x00000000edd00000)
 ParOldGen       total 210432K, used 56082K [0x00000000a0000000, 0x00000000acd80000, 0x00000000e0000000)
  object space 210432K, 26% used [0x00000000a0000000,0x00000000a36c48c8,0x00000000acd80000)
 Metaspace       used 83046K, capacity 89146K, committed 89472K, reserved 1126400K
  class space    used 10491K, capacity 11568K, committed 11648K, reserved 1048576K
}

